<?xml version="1.0" encoding="UTF-8"?>
<!-- Generated by org.testng.reporters.JUnitXMLReporter -->
<testsuite hostname="SNFCAML-X0FJG3Q" ignored="0" name="Default test" tests="7" failures="0" timestamp="28 Jul 2020 20:29:05 GMT" time="7.385" errors="0">
  <testcase name="sample_piLogin" time="2.663" classname="tests.SampleDemoAPICollection"/>
  <testcase name="getCourseId" time="0.874" classname="tests.SampleDemoAPICollection"/>
  <testcase name="getTaskList" time="1.634" classname="tests.SampleDemoAPICollection"/>
  <testcase name="getLearnerSubmission" time="0.546" classname="tests.SampleDemoAPICollection"/>
  <testcase name="modifySubmission" time="0.564" classname="tests.SampleDemoAPICollection"/>
  <testcase name="checkUpdatedProjectSubmission" time="0.537" classname="tests.SampleDemoAPICollection"/>
  <testcase name="deleteSubmission" time="0.53" classname="tests.SampleDemoAPICollection"/>
</testsuite> <!-- Default test -->
